<?xml version="1.0" encoding="UTF-8"?>
<coverage generated="1786267868103" clover="3.2.0">
  <project timestamp="1786267868104" name="All files">
    <metrics statements="36" coveredstatements="32" conditionals="35" coveredconditionals="16" methods="8" coveredmethods="5" elements="79" coveredelements="53" complexity="0" loc="36" ncloc="36" packages="4" files="5" classes="5"/>
    <package name="components.ui">
      <metrics statements="8" coveredstatements="8" conditionals="27" coveredconditionals="14" methods="2" coveredmethods="2"/>
      <file name="Button.jsx" path="E:\1\job-posting\job-posting\src\components\ui\Button.jsx">
        <metrics statements="4" coveredstatements="4" conditionals="10" coveredconditionals="5" methods="1" coveredmethods="1"/>
        <line num="4" count="1" type="stmt"/>
        <line num="12" count="1" type="stmt"/>
        <line num="29" count="10" type="cond" truecount="2" falsecount="0"/>
        <line num="31" count="10" type="stmt"/>
      </file>
      <file name="Input.jsx" path="E:\1\job-posting\job-posting\src\components\ui\Input.jsx">
        <metrics statements="4" coveredstatements="4" conditionals="17" coveredconditionals="9" methods="1" coveredmethods="1"/>
        <line num="4" count="1" type="stmt"/>
        <line num="18" count="20" type="stmt"/>
        <line num="28" count="20" type="stmt"/>
        <line num="70" count="1" type="stmt"/>
      </file>
    </package>
    <package name="config">
      <metrics statements="4" coveredstatements="2" conditionals="2" coveredconditionals="0" methods="2" coveredmethods="0"/>
      <file name="routes.js" path="E:\1\job-posting\job-posting\src\config\routes.js">
        <metrics statements="4" coveredstatements="2" conditionals="2" coveredconditionals="0" methods="2" coveredmethods="0"/>
        <line num="1" count="1" type="stmt"/>
        <line num="20" count="0" type="stmt"/>
        <line num="23" count="0" type="stmt"/>
        <line num="53" count="1" type="stmt"/>
      </file>
    </package>
    <package name="features.auth.components">
      <metrics statements="19" coveredstatements="18" conditionals="6" coveredconditionals="2" methods="3" coveredmethods="3"/>
      <file name="LoginForm.jsx" path="E:\1\job-posting\job-posting\src\features\auth\components\LoginForm.jsx">
        <metrics statements="19" coveredstatements="18" conditionals="6" coveredconditionals="2" methods="3" coveredmethods="3"/>
        <line num="12" count="10" type="stmt"/>
        <line num="13" count="10" type="stmt"/>
        <line num="14" count="10" type="stmt"/>
        <line num="20" count="10" type="stmt"/>
        <line num="24" count="10" type="stmt"/>
        <line num="25" count="2" type="stmt"/>
        <line num="26" count="2" type="stmt"/>
        <line num="27" count="2" type="stmt"/>
        <line num="28" count="2" type="stmt"/>
        <line num="31" count="2" type="stmt"/>
        <line num="32" count="2" type="stmt"/>
        <line num="33" count="2" type="cond" truecount="1" falsecount="1"/>
        <line num="34" count="2" type="stmt"/>
        <line num="40" count="2" type="stmt"/>
        <line num="46" count="2" type="stmt"/>
        <line num="47" count="2" type="cond" truecount="1" falsecount="1"/>
        <line num="49" count="0" type="stmt"/>
        <line num="57" count="2" type="stmt"/>
        <line num="61" count="10" type="stmt"/>
      </file>
    </package>
    <package name="utils">
      <metrics statements="5" coveredstatements="4" conditionals="0" coveredconditionals="0" methods="1" coveredmethods="0"/>
      <file name="validators.js" path="E:\1\job-posting\job-posting\src\utils\validators.js">
        <metrics statements="5" coveredstatements="4" conditionals="0" coveredconditionals="0" methods="1" coveredmethods="0"/>
        <line num="3" count="1" type="stmt"/>
        <line num="8" count="1" type="stmt"/>
        <line num="17" count="0" type="stmt"/>
        <line num="22" count="1" type="stmt"/>
        <line num="37" count="1" type="stmt"/>
      </file>
    </package>
  </project>
</coverage>
