{"E:\\1\\job-posting\\job-posting\\src\\components\\ui\\Button.jsx": {"path":"E:\\1\\job-posting\\job-posting\\src\\components\\ui\\Button.jsx","statementMap":{"0":{"start":{"line":4,"column":23},"end":{"line":10,"column":1}},"1":{"start":{"line":12,"column":20},"end":{"line":16,"column":1}},"2":{"start":{"line":29,"column":21},"end":{"line":29,"column":40}},"3":{"start":{"line":31,"column":2},"end":{"line":51,"column":4}}},"fnMap":{"0":{"name":"Button","decl":{"start":{"line":18,"column":24},"end":{"line":18,"column":30}},"loc":{"start":{"line":28,"column":3},"end":{"line":52,"column":1}},"line":28}},"branchMap":{"0":{"loc":{"start":{"line":20,"column":2},"end":{"line":20,"column":21}},"type":"default-arg","locations":[{"start":{"line":20,"column":12},"end":{"line":20,"column":21}}],"line":20},"1":{"loc":{"start":{"line":21,"column":2},"end":{"line":21,"column":13}},"type":"default-arg","locations":[{"start":{"line":21,"column":9},"end":{"line":21,"column":13}}],"line":21},"2":{"loc":{"start":{"line":29,"column":21},"end":{"line":29,"column":40}},"type":"binary-expr","locations":[{"start":{"line":29,"column":21},"end":{"line":29,"column":29}},{"start":{"line":29,"column":33},"end":{"line":29,"column":40}}],"line":29},"3":{"loc":{"start":{"line":44,"column":7},"end":{"line":46,"column":7}},"type":"binary-expr","locations":[{"start":{"line":44,"column":7},"end":{"line":44,"column":14}},{"start":{"line":45,"column":8},"end":{"line":45,"column":57}}],"line":44},"4":{"loc":{"start":{"line":47,"column":7},"end":{"line":47,"column":56}},"type":"binary-expr","locations":[{"start":{"line":47,"column":7},"end":{"line":47,"column":15}},{"start":{"line":47,"column":19},"end":{"line":47,"column":56}}],"line":47},"5":{"loc":{"start":{"line":49,"column":7},"end":{"line":49,"column":58}},"type":"binary-expr","locations":[{"start":{"line":49,"column":7},"end":{"line":49,"column":16}},{"start":{"line":49,"column":20},"end":{"line":49,"column":58}}],"line":49}},"s":{"0":1,"1":1,"2":10,"3":10},"f":{"0":10},"b":{"0":[0],"1":[0],"2":[10,10],"3":[10,0],"4":[10,0],"5":[10,0]},"_coverageSchema":"1a1c01bbd47fc00a2c39e90264f33305004495a9","hash":"8fe9aea1d04add96d74f3bba2f810e70c6a90409"}
,"E:\\1\\job-posting\\job-posting\\src\\components\\ui\\Input.jsx": {"path":"E:\\1\\job-posting\\job-posting\\src\\components\\ui\\Input.jsx","statementMap":{"0":{"start":{"line":4,"column":14},"end":{"line":68,"column":1}},"1":{"start":{"line":18,"column":25},"end":{"line":26,"column":5}},"2":{"start":{"line":28,"column":4},"end":{"line":66,"column":6}},"3":{"start":{"line":70,"column":0},"end":{"line":70,"column":28}}},"fnMap":{"0":{"name":"(anonymous_0)","decl":{"start":{"line":5,"column":2},"end":{"line":5,"column":3}},"loc":{"start":{"line":17,"column":7},"end":{"line":67,"column":3}},"line":17}},"branchMap":{"0":{"loc":{"start":{"line":22,"column":6},"end":{"line":24,"column":24}},"type":"cond-expr","locations":[{"start":{"line":23,"column":10},"end":{"line":23,"column":53}},{"start":{"line":24,"column":10},"end":{"line":24,"column":24}}],"line":22},"1":{"loc":{"start":{"line":30,"column":9},"end":{"line":37,"column":9}},"type":"binary-expr","locations":[{"start":{"line":30,"column":9},"end":{"line":30,"column":14}},{"start":{"line":31,"column":10},"end":{"line":36,"column":18}}],"line":30},"2":{"loc":{"start":{"line":39,"column":11},"end":{"line":41,"column":11}},"type":"binary-expr","locations":[{"start":{"line":39,"column":11},"end":{"line":39,"column":19}},{"start":{"line":40,"column":12},"end":{"line":40,"column":107}}],"line":39},"3":{"loc":{"start":{"line":48,"column":14},"end":{"line":48,"column":33}},"type":"binary-expr","locations":[{"start":{"line":48,"column":14},"end":{"line":48,"column":22}},{"start":{"line":48,"column":26},"end":{"line":48,"column":33}}],"line":48},"4":{"loc":{"start":{"line":49,"column":14},"end":{"line":49,"column":34}},"type":"binary-expr","locations":[{"start":{"line":49,"column":14},"end":{"line":49,"column":23}},{"start":{"line":49,"column":27},"end":{"line":49,"column":34}}],"line":49},"5":{"loc":{"start":{"line":53,"column":11},"end":{"line":55,"column":11}},"type":"binary-expr","locations":[{"start":{"line":53,"column":11},"end":{"line":53,"column":20}},{"start":{"line":54,"column":12},"end":{"line":54,"column":109}}],"line":53},"6":{"loc":{"start":{"line":57,"column":9},"end":{"line":59,"column":9}},"type":"binary-expr","locations":[{"start":{"line":57,"column":9},"end":{"line":57,"column":14}},{"start":{"line":58,"column":10},"end":{"line":58,"column":62}}],"line":57},"7":{"loc":{"start":{"line":60,"column":9},"end":{"line":64,"column":9}},"type":"binary-expr","locations":[{"start":{"line":60,"column":9},"end":{"line":60,"column":19}},{"start":{"line":60,"column":23},"end":{"line":60,"column":29}},{"start":{"line":61,"column":10},"end":{"line":63,"column":14}}],"line":60}},"s":{"0":1,"1":20,"2":20,"3":1},"f":{"0":20},"b":{"0":[0,20],"1":[20,20],"2":[20,0],"3":[20,0],"4":[20,0],"5":[20,0],"6":[20,0],"7":[20,0,0]},"_coverageSchema":"1a1c01bbd47fc00a2c39e90264f33305004495a9","hash":"79e1eaa2a433e794aeceac674f448e489b428e79"}
,"E:\\1\\job-posting\\job-posting\\src\\config\\routes.js": {"path":"E:\\1\\job-posting\\job-posting\\src\\config\\routes.js","statementMap":{"0":{"start":{"line":1,"column":22},"end":{"line":51,"column":1}},"1":{"start":{"line":20,"column":4},"end":{"line":20,"column":25}},"2":{"start":{"line":23,"column":4},"end":{"line":23,"column":30}},"3":{"start":{"line":53,"column":33},"end":{"line":57,"column":1}}},"fnMap":{"0":{"name":"(anonymous_0)","decl":{"start":{"line":19,"column":2},"end":{"line":19,"column":3}},"loc":{"start":{"line":19,"column":26},"end":{"line":21,"column":3}},"line":19},"1":{"name":"(anonymous_1)","decl":{"start":{"line":22,"column":2},"end":{"line":22,"column":3}},"loc":{"start":{"line":22,"column":30},"end":{"line":24,"column":3}},"line":22}},"branchMap":{"0":{"loc":{"start":{"line":19,"column":14},"end":{"line":19,"column":24}},"type":"default-arg","locations":[{"start":{"line":19,"column":19},"end":{"line":19,"column":24}}],"line":19},"1":{"loc":{"start":{"line":22,"column":18},"end":{"line":22,"column":28}},"type":"default-arg","locations":[{"start":{"line":22,"column":23},"end":{"line":22,"column":28}}],"line":22}},"s":{"0":1,"1":0,"2":0,"3":1},"f":{"0":0,"1":0},"b":{"0":[0],"1":[0]},"_coverageSchema":"1a1c01bbd47fc00a2c39e90264f33305004495a9","hash":"6758b91fb51a9852d3882ec4f0599052019abe01"}
,"E:\\1\\job-posting\\job-posting\\src\\features\\auth\\components\\LoginForm.jsx": {"path":"E:\\1\\job-posting\\job-posting\\src\\features\\auth\\components\\LoginForm.jsx","statementMap":{"0":{"start":{"line":12,"column":19},"end":{"line":12,"column":32}},"1":{"start":{"line":13,"column":23},"end":{"line":13,"column":33}},"2":{"start":{"line":14,"column":36},"end":{"line":14,"column":51}},"3":{"start":{"line":20,"column":6},"end":{"line":22,"column":4}},"4":{"start":{"line":24,"column":19},"end":{"line":59,"column":3}},"5":{"start":{"line":25,"column":4},"end":{"line":25,"column":23}},"6":{"start":{"line":26,"column":4},"end":{"line":58,"column":5}},"7":{"start":{"line":27,"column":23},"end":{"line":29,"column":7}},"8":{"start":{"line":28,"column":17},"end":{"line":28,"column":32}},"9":{"start":{"line":31,"column":44},"end":{"line":31,"column":52}},"10":{"start":{"line":32,"column":6},"end":{"line":32,"column":56}},"11":{"start":{"line":33,"column":6},"end":{"line":38,"column":7}},"12":{"start":{"line":34,"column":8},"end":{"line":37,"column":10}},"13":{"start":{"line":40,"column":6},"end":{"line":44,"column":9}},"14":{"start":{"line":46,"column":23},"end":{"line":46,"column":48}},"15":{"start":{"line":47,"column":6},"end":{"line":47,"column":94}},"16":{"start":{"line":49,"column":6},"end":{"line":55,"column":9}},"17":{"start":{"line":57,"column":6},"end":{"line":57,"column":26}},"18":{"start":{"line":61,"column":2},"end":{"line":101,"column":4}}},"fnMap":{"0":{"name":"LoginForm","decl":{"start":{"line":11,"column":24},"end":{"line":11,"column":33}},"loc":{"start":{"line":11,"column":36},"end":{"line":102,"column":1}},"line":11},"1":{"name":"(anonymous_1)","decl":{"start":{"line":24,"column":19},"end":{"line":24,"column":20}},"loc":{"start":{"line":24,"column":35},"end":{"line":59,"column":3}},"line":24},"2":{"name":"(anonymous_2)","decl":{"start":{"line":28,"column":8},"end":{"line":28,"column":9}},"loc":{"start":{"line":28,"column":17},"end":{"line":28,"column":32}},"line":28}},"branchMap":{"0":{"loc":{"start":{"line":33,"column":6},"end":{"line":38,"column":7}},"type":"if","locations":[{"start":{"line":33,"column":6},"end":{"line":38,"column":7}},{"start":{},"end":{}}],"line":33},"1":{"loc":{"start":{"line":47,"column":15},"end":{"line":47,"column":92}},"type":"cond-expr","locations":[{"start":{"line":47,"column":42},"end":{"line":47,"column":65}},{"start":{"line":47,"column":68},"end":{"line":47,"column":92}}],"line":47},"2":{"loc":{"start":{"line":53,"column":10},"end":{"line":54,"column":56}},"type":"binary-expr","locations":[{"start":{"line":53,"column":10},"end":{"line":53,"column":39}},{"start":{"line":54,"column":10},"end":{"line":54,"column":56}}],"line":53}},"s":{"0":10,"1":10,"2":10,"3":10,"4":10,"5":2,"6":2,"7":2,"8":2,"9":2,"10":2,"11":2,"12":2,"13":2,"14":2,"15":2,"16":0,"17":2,"18":10},"f":{"0":10,"1":2,"2":2},"b":{"0":[2,0],"1":[2,0],"2":[0,0]},"_coverageSchema":"1a1c01bbd47fc00a2c39e90264f33305004495a9","hash":"4d7cf135b9ff8195fcf92920a11b0604da22bfc5"}
,"E:\\1\\job-posting\\job-posting\\src\\utils\\validators.js": {"path":"E:\\1\\job-posting\\job-posting\\src\\utils\\validators.js","statementMap":{"0":{"start":{"line":3,"column":27},"end":{"line":6,"column":2}},"1":{"start":{"line":8,"column":30},"end":{"line":20,"column":2}},"2":{"start":{"line":17,"column":20},"end":{"line":17,"column":58}},"3":{"start":{"line":22,"column":29},"end":{"line":35,"column":2}},"4":{"start":{"line":37,"column":29},"end":{"line":47,"column":2}}},"fnMap":{"0":{"name":"(anonymous_0)","decl":{"start":{"line":17,"column":10},"end":{"line":17,"column":11}},"loc":{"start":{"line":17,"column":20},"end":{"line":17,"column":58}},"line":17}},"branchMap":{},"s":{"0":1,"1":1,"2":0,"3":1,"4":1},"f":{"0":0},"b":{},"_coverageSchema":"1a1c01bbd47fc00a2c39e90264f33305004495a9","hash":"3ef1183f9cdccff99d185c55aeeed5d873910b5a"}
}
