TN:
SF:src\components\ui\Button.jsx
FN:18,Button
FNF:1
FNH:1
FNDA:10,Button
DA:4,1
DA:12,1
DA:29,10
DA:31,10
LF:4
LH:4
BRDA:20,0,0,0
BRDA:21,1,0,0
BRDA:29,2,0,10
BRDA:29,2,1,10
BRDA:44,3,0,10
BRDA:44,3,1,0
BRDA:47,4,0,10
BRDA:47,4,1,0
BRDA:49,5,0,10
BRDA:49,5,1,0
BRF:10
BRH:5
end_of_record
TN:
SF:src\components\ui\Input.jsx
FN:5,(anonymous_0)
FNF:1
FNH:1
FNDA:20,(anonymous_0)
DA:4,1
DA:18,20
DA:28,20
DA:70,1
LF:4
LH:4
BRDA:22,0,0,0
BRDA:22,0,1,20
BRDA:30,1,0,20
BRDA:30,1,1,20
BRDA:39,2,0,20
BRDA:39,2,1,0
BRDA:48,3,0,20
BRDA:48,3,1,0
BRDA:49,4,0,20
BRDA:49,4,1,0
BRDA:53,5,0,20
BRDA:53,5,1,0
BRDA:57,6,0,20
BRDA:57,6,1,0
BRDA:60,7,0,20
BRDA:60,7,1,0
BRDA:60,7,2,0
BRF:17
BRH:9
end_of_record
TN:
SF:src\config\routes.js
FN:19,(anonymous_0)
FN:22,(anonymous_1)
FNF:2
FNH:0
FNDA:0,(anonymous_0)
FNDA:0,(anonymous_1)
DA:1,1
DA:20,0
DA:23,0
DA:53,1
LF:4
LH:2
BRDA:19,0,0,0
BRDA:22,1,0,0
BRF:2
BRH:0
end_of_record
TN:
SF:src\features\auth\components\LoginForm.jsx
FN:11,LoginForm
FN:24,(anonymous_1)
FN:28,(anonymous_2)
FNF:3
FNH:3
FNDA:10,LoginForm
FNDA:2,(anonymous_1)
FNDA:2,(anonymous_2)
DA:12,10
DA:13,10
DA:14,10
DA:20,10
DA:24,10
DA:25,2
DA:26,2
DA:27,2
DA:28,2
DA:31,2
DA:32,2
DA:33,2
DA:34,2
DA:40,2
DA:46,2
DA:47,2
DA:49,0
DA:57,2
DA:61,10
LF:19
LH:18
BRDA:33,0,0,2
BRDA:33,0,1,0
BRDA:47,1,0,2
BRDA:47,1,1,0
BRDA:53,2,0,0
BRDA:53,2,1,0
BRF:6
BRH:2
end_of_record
TN:
SF:src\utils\validators.js
FN:17,(anonymous_0)
FNF:1
FNH:0
FNDA:0,(anonymous_0)
DA:3,1
DA:8,1
DA:17,0
DA:22,1
DA:37,1
LF:5
LH:4
BRF:0
BRH:0
end_of_record
